<?xml version="1.0" encoding="UTF-8"?>
<!-- Generated by org.testng.reporters.JUnitReportReporter -->
<testsuite skipped="0" hostname="youyidembp" name="testng_test.TestNgTest" tests="5" failures="0" timestamp="2019-10-20T17:43:54 CST" time="0.007" errors="0">
  <testcase name="loginTest" time="0.001" classname="testng_test.TestNgTest"/>
  <testcase name="loginTest" time="0.005" classname="testng_test.TestNgTest"/>
  <testcase name="loginTest" time="0.000" classname="testng_test.TestNgTest"/>
  <testcase name="test02" time="0.000" classname="testng_test.TestNgTest"/>
  <testcase name="loginTest" time="0.001" classname="testng_test.TestNgTest"/>
</testsuite> <!-- testng_test.TestNgTest -->
